Library/Bee/Android/Prj/Mono2x/Gradle/unityLibrary/build/intermediates/manifest_merge_blame_file/release/manifest-merger-blame-release-report.txt
1<?xml version="1.0" encoding="utf-8"?>
2<manifest xmlns:android="http://schemas.android.com/apk/res/android"
3    xmlns:tools="http://schemas.android.com/tools"
4    package="com.unity3d.player" >
5
6    <uses-sdk
7        android:minSdkVersion="26"
7-->src\main\AndroidManifest.xml
8        android:targetSdkVersion="34" />
8-->src\main\AndroidManifest.xml
9
10    <uses-permission android:name="android.permission.CAMERA" />
10-->src\main\AndroidManifest.xml:3:3-63
10-->src\main\AndroidManifest.xml:3:20-60
11
12    <uses-feature android:glEsVersion="0x00030000" />
12-->src\main\AndroidManifest.xml:4:3-52
12-->src\main\AndroidManifest.xml:4:17-49
13    <uses-feature
13-->src\main\AndroidManifest.xml:5:3-91
14        android:name="android.hardware.vulkan.version"
14-->src\main\AndroidManifest.xml:5:17-63
15        android:required="false" />
15-->src\main\AndroidManifest.xml:5:64-88
16    <uses-feature
16-->src\main\AndroidManifest.xml:6:3-83
17        android:name="android.hardware.camera"
17-->src\main\AndroidManifest.xml:6:17-55
18        android:required="false" />
18-->src\main\AndroidManifest.xml:6:56-80
19    <uses-feature
19-->src\main\AndroidManifest.xml:7:3-93
20        android:name="android.hardware.camera.autofocus"
20-->src\main\AndroidManifest.xml:7:17-65
21        android:required="false" />
21-->src\main\AndroidManifest.xml:7:66-90
22    <uses-feature
22-->src\main\AndroidManifest.xml:8:3-89
23        android:name="android.hardware.camera.front"
23-->src\main\AndroidManifest.xml:8:17-61
24        android:required="false" />
24-->src\main\AndroidManifest.xml:8:62-86
25    <uses-feature
25-->src\main\AndroidManifest.xml:9:3-88
26        android:name="android.hardware.touchscreen"
26-->src\main\AndroidManifest.xml:9:17-60
27        android:required="false" />
27-->src\main\AndroidManifest.xml:9:61-85
28    <uses-feature
28-->src\main\AndroidManifest.xml:10:3-99
29        android:name="android.hardware.touchscreen.multitouch"
29-->src\main\AndroidManifest.xml:10:17-71
30        android:required="false" />
30-->src\main\AndroidManifest.xml:10:72-96
31    <uses-feature
31-->src\main\AndroidManifest.xml:11:3-108
32        android:name="android.hardware.touchscreen.multitouch.distinct"
32-->src\main\AndroidManifest.xml:11:17-80
33        android:required="false" />
33-->src\main\AndroidManifest.xml:11:81-105
34
35    <application android:extractNativeLibs="true" >
35-->src\main\AndroidManifest.xml:12:3-27:17
35-->src\main\AndroidManifest.xml:12:16-48
36        <meta-data
36-->src\main\AndroidManifest.xml:13:5-69
37            android:name="unity.splash-mode"
37-->src\main\AndroidManifest.xml:13:16-48
38            android:value="0" />
38-->src\main\AndroidManifest.xml:13:49-66
39        <meta-data
39-->src\main\AndroidManifest.xml:14:5-74
40            android:name="unity.splash-enable"
40-->src\main\AndroidManifest.xml:14:16-50
41            android:value="True" />
41-->src\main\AndroidManifest.xml:14:51-71
42        <meta-data
42-->src\main\AndroidManifest.xml:15:5-78
43            android:name="unity.launch-fullscreen"
43-->src\main\AndroidManifest.xml:15:16-54
44            android:value="True" />
44-->src\main\AndroidManifest.xml:15:55-75
45        <meta-data
45-->src\main\AndroidManifest.xml:16:5-81
46            android:name="notch.config"
46-->src\main\AndroidManifest.xml:16:16-43
47            android:value="portrait|landscape" />
47-->src\main\AndroidManifest.xml:16:44-78
48        <meta-data
48-->src\main\AndroidManifest.xml:17:5-84
49            android:name="unity.auto-report-fully-drawn"
49-->src\main\AndroidManifest.xml:17:16-60
50            android:value="true" />
50-->src\main\AndroidManifest.xml:17:61-81
51
52        <activity
52-->src\main\AndroidManifest.xml:18:5-25:16
53            android:name="com.unity3d.player.UnityPlayerActivity"
53-->src\main\AndroidManifest.xml:18:15-68
54            android:configChanges="mcc|mnc|locale|touchscreen|keyboard|keyboardHidden|navigation|orientation|screenLayout|uiMode|screenSize|smallestScreenSize|fontScale|layoutDirection|density"
54-->src\main\AndroidManifest.xml:18:180-361
55            android:exported="true"
55-->src\main\AndroidManifest.xml:18:433-456
56            android:hardwareAccelerated="false"
56-->src\main\AndroidManifest.xml:18:397-432
57            android:launchMode="singleTask"
57-->src\main\AndroidManifest.xml:18:148-179
58            android:resizeableActivity="false"
58-->src\main\AndroidManifest.xml:18:362-396
59            android:screenOrientation="fullUser"
59-->src\main\AndroidManifest.xml:18:111-147
60            android:theme="@style/UnityThemeSelector" >
60-->src\main\AndroidManifest.xml:18:69-110
61            <intent-filter>
61-->src\main\AndroidManifest.xml:19:7-22:23
62                <category android:name="android.intent.category.LAUNCHER" />
62-->src\main\AndroidManifest.xml:20:9-69
62-->src\main\AndroidManifest.xml:20:19-66
63
64                <action android:name="android.intent.action.MAIN" />
64-->src\main\AndroidManifest.xml:21:9-61
64-->src\main\AndroidManifest.xml:21:17-58
65            </intent-filter>
66
67            <meta-data
67-->src\main\AndroidManifest.xml:23:7-82
68                android:name="unityplayer.UnityActivity"
68-->src\main\AndroidManifest.xml:23:18-58
69                android:value="true" />
69-->src\main\AndroidManifest.xml:23:59-79
70            <meta-data
70-->src\main\AndroidManifest.xml:24:7-70
71                android:name="notch_support"
71-->src\main\AndroidManifest.xml:24:18-46
72                android:value="true" />
72-->src\main\AndroidManifest.xml:24:47-67
73        </activity>
74
75        <meta-data
75-->src\main\AndroidManifest.xml:26:5-77
76            android:name="com.google.ar.core"
76-->src\main\AndroidManifest.xml:26:16-49
77            android:value="optional" />
77-->src\main\AndroidManifest.xml:26:50-74
78    </application>
79
80</manifest>